<?xml version="1.0" encoding="UTF-8"?>
<testsuite name="DiscountPolicyTest" tests="1" skipped="0" failures="0" errors="0" timestamp="2023-05-18T07:42:00" hostname="munjong-un-ui-MacBookAir.local" time="0.012">
  <properties/>
  <testcase name="고정 금액 할인 테스트" classname="DiscountPolicyTest" time="0.012"/>
  <system-out><![CDATA[]]></system-out>
  <system-err><![CDATA[]]></system-err>
</testsuite>
